[debug] [2022-06-16T10:44:13.014Z] ----------------------------------------------------------------------
[debug] [2022-06-16T10:44:13.015Z] Command:       C:\Program Files\nodejs\node.exe C:\Users\RK H\AppData\Roaming\npm\node_modules\firebase-tools\lib\bin\firebase.js init
[debug] [2022-06-16T10:44:13.016Z] CLI Version:   11.1.0
[debug] [2022-06-16T10:44:13.016Z] Platform:      win32
[debug] [2022-06-16T10:44:13.016Z] Node Version:  v16.15.0
[debug] [2022-06-16T10:44:13.017Z] Time:          Thu Jun 16 2022 16:44:13 GMT+0600 (Bangladesh Standard Time)
[debug] [2022-06-16T10:44:13.017Z] ----------------------------------------------------------------------
[debug] 
[debug] [2022-06-16T10:44:13.071Z] > command requires scopes: ["email","openid","https://www.googleapis.com/auth/cloudplatformprojects.readonly","https://www.googleapis.com/auth/firebase","https://www.googleapis.com/auth/cloud-platform"]
[debug] [2022-06-16T10:44:13.072Z] > authorizing via signed-in user (rkrakibhasan680@gmail.com)
[info] 
     ######## #### ########  ######## ########     ###     ######  ########
     ##        ##  ##     ## ##       ##     ##  ##   ##  ##       ##
     ######    ##  ########  ######   ########  #########  ######  ######
     ##        ##  ##    ##  ##       ##     ## ##     ##       ## ##
     ##       #### ##     ## ######## ########  ##     ##  ######  ########

You're about to initialize a Firebase project in this directory:

  H:\Module-practice\Varsity_project\doctors-portal-client

Before we get started, keep in mind:

  * You are initializing within an existing Firebase project directory

[info] 
=== Project Setup
[info] 
[info] First, let's associate this project directory with a Firebase project.
[info] You can create multiple project aliases by running firebase use --add, 
[info] but for now we'll just set up a default project.
[info] 
[debug] [2022-06-16T10:44:30.723Z] Using project from CLI flag: doctors-portal-d1164
[debug] [2022-06-16T10:44:30.725Z] >>> [apiv2][query] GET https://firebase.googleapis.com/v1beta1/projects/doctors-portal-d1164 [none]
[debug] [2022-06-16T10:44:31.671Z] <<< [apiv2][status] GET https://firebase.googleapis.com/v1beta1/projects/doctors-portal-d1164 403
[debug] [2022-06-16T10:44:31.671Z] <<< [apiv2][body] GET https://firebase.googleapis.com/v1beta1/projects/doctors-portal-d1164 {"error":{"code":403,"message":"The caller does not have permission","status":"PERMISSION_DENIED"}}
[debug] [2022-06-16T10:44:31.672Z] HTTP Error: 403, The caller does not have permission
[debug] [2022-06-16T10:44:32.563Z] FirebaseError: HTTP Error: 403, The caller does not have permission
    at responseToError (C:\Users\RK H\AppData\Roaming\npm\node_modules\firebase-tools\lib\responseToError.js:49:12)
    at RetryOperation._fn (C:\Users\RK H\AppData\Roaming\npm\node_modules\firebase-tools\lib\apiv2.js:287:77)
    at processTicksAndRejections (node:internal/process/task_queues:96:5)
[error] 
[error] Error: Failed to get Firebase project doctors-portal-d1164. Please make sure the project exists and your account has permission to access it.
